<?xml version="1.0" encoding="UTF-8"?>
<!--
 This is a WordPress eXtended RSS file generated by WordPress as an export of your site.
 It contains information about your site's posts, pages, comments, categories, and other content.
 You may use this file to transfer that content from one site to another.
 This file is not intended to serve as a complete backup of your site.

 To import this information into a WordPress site follow these steps:
 1. Log in to that site as an administrator.
 2. Go to Tools: Import in the WordPress admin panel.
 3. Install the "WordPress" importer from the list.
 4. Activate & Run Importer.
 5. Upload this file using the form provided on that page.
 6. You will first be asked to map the authors in this export file to users
    on the site. For each author, you may choose to map to an
    existing user on the site or to create a new user.
 7. WordPress will then import each of the posts, pages, comments, categories, etc.
    contained in this file into your site.
-->
<!-- generator="WordPress/5.1.1" created="2019-04-22 23:24" -->
<rss version="2.0" xmlns:excerpt="http://wordpress.org/export/1.2/excerpt/" xmlns:content="http://purl.org/rss/1.0/modules/content/" xmlns:wfw="http://wellformedweb.org/CommentAPI/" xmlns:dc="http://purl.org/dc/elements/1.1/" xmlns:wp="http://wordpress.org/export/1.2/">
  <channel>
<title>wordpress</title>
<link>http://localhost:8080</link>
<description>Just another WordPress site</description>
<pubDate>Mon, 22 Apr 2019 23:24:38 +0000</pubDate>
<language>en-US</language>
<wp:wxr_version>1.2</wp:wxr_version>
<wp:base_site_url>http://localhost:8080</wp:base_site_url>
<wp:base_blog_url>http://localhost:8080</wp:base_blog_url>
<wp:author>
  <wp:author_id>1</wp:author_id>
  <wp:author_login>root</wp:author_login>
  <wp:author_email>admin@localhost.com</wp:author_email>
  <wp:author_display_name><![CDATA[root]]></wp:author_display_name>
  <wp:author_first_name><![CDATA[]]></wp:author_first_name>
  <wp:author_last_name><![CDATA[]]></wp:author_last_name>
</wp:author>
<wp:category>
  <wp:term_id>1</wp:term_id>
  <wp:category_nicename>uncategorized</wp:category_nicename>
  <wp:category_parent/>
  <wp:cat_name><![CDATA[Uncategorized]]></wp:cat_name>
</wp:category>
<wp:term>
  <wp:term_id>1</wp:term_id>
  <wp:term_taxonomy>category</wp:term_taxonomy>
  <wp:term_slug>uncategorized</wp:term_slug>
  <wp:term_parent/>
  <wp:term_name><![CDATA[Uncategorized]]></wp:term_name>
</wp:term>
<generator>https://wordpress.org/?v=5.1.1</generator>
<item>
  <title>Legacy Editor</title>
  <link>http://localhost:8080/2019/04/this-is-a-test/</link>
  <pubDate>Mon, 22 Apr 2019 22:24:37 +0000</pubDate>
  <dc:creator>root</dc:creator>
  <guid isPermaLink="false">http://localhost:8080/?p=5</guid>
  <description/>
  <content:encoded><![CDATA[Testing..

blah blah

blah<span id="83dd1e01-ae49-4f00-9872-c1f6f89d3267" class="abt-citation noselect mceNonEditable" data-reflist="[&quot;2529850902&quot;]"><sup>1</sup></span>

blah<span id="0fb10fda-3deb-472c-a366-571a2e16b675" class="abt-citation noselect mceNonEditable" data-reflist="[&quot;931374141&quot;,&quot;4253553265&quot;]"><sup>2,3</sup></span>

blah<span id="788113d3-0bab-49ab-b3e0-c3c093e7e918" class="abt-citation noselect mceNonEditable" data-reflist="[&quot;2851375125&quot;]" data-footnote="undefined"><sup>4</sup></span>
<div id="abt-bibliography" class="abt-bibliography noselect mceNonEditable" data-reflist="[&quot;2529850902&quot;,&quot;931374141&quot;,&quot;4253553265&quot;,&quot;2851375125&quot;]">
<div id="abt-bibliography__container" class="abt-bibliography__container">
<div id="2529850902">
<div class="csl-entry flush">
<div class="csl-left-margin">1.</div>
<div class="csl-right-inline">Campero C, Odriozola E. A case of solanum malacoxylon toxicity in pigs. <i>Vet Hum Toxicol</i>. 1990;32(3):238-239. <a href="https://www.ncbi.nlm.nih.gov/pubmed/2353435" target="_blank" rel="noopener noreferrer">https://www.ncbi.nlm.nih.gov/pubmed/2353435</a>.</div>
</div>
</div>
<div id="931374141">
<div class="csl-entry flush">
<div class="csl-left-margin">2.</div>
<div class="csl-right-inline">Söderström K. Effects of alpha-amanitin on RNA synthesis in cultured rat seminiferous tubules. <i>Exp Mol Pathol</i>. 1979;31(1):56-69. <a href="https://www.ncbi.nlm.nih.gov/pubmed/456477" target="_blank" rel="noopener noreferrer">https://www.ncbi.nlm.nih.gov/pubmed/456477</a>.</div>
</div>
</div>
<div id="4253553265">
<div class="csl-entry flush">
<div class="csl-left-margin">3.</div>
<div class="csl-right-inline">Cain H, Egner E. [Metastasizing, amyloid producing carcinoma of the APUD series (author’s transl)]. <i>Verh Dtsch Ges Pathol</i>. 1977;61:314-317. <a href="https://www.ncbi.nlm.nih.gov/pubmed/23623" target="_blank" rel="noopener noreferrer">https://www.ncbi.nlm.nih.gov/pubmed/23623</a>.</div>
</div>
</div>
<div id="2851375125">
<div class="csl-entry flush">
<div class="csl-left-margin">4.</div>
<div class="csl-right-inline">Stafford H. The emergency nurse practitioner: the role and training of an emerging health professional. <i>JACEP</i>. 1978;7(10):372-376. <a href="https://www.ncbi.nlm.nih.gov/pubmed/45675" target="_blank" rel="noopener noreferrer">https://www.ncbi.nlm.nih.gov/pubmed/45675</a>.</div>
</div>
</div>
</div>
</div>]]></content:encoded>
  <excerpt:encoded><![CDATA[]]></excerpt:encoded>
  <wp:post_id>5</wp:post_id>
  <wp:post_date>2019-04-22 22:24:37</wp:post_date>
  <wp:post_date_gmt>2019-04-22 22:24:37</wp:post_date_gmt>
  <wp:comment_status>open</wp:comment_status>
  <wp:ping_status>open</wp:ping_status>
  <wp:post_name>this-is-a-test</wp:post_name>
  <wp:status>publish</wp:status>
  <wp:post_parent>0</wp:post_parent>
  <wp:menu_order>0</wp:menu_order>
  <wp:post_type>post</wp:post_type>
  <wp:post_password/>
  <wp:is_sticky>0</wp:is_sticky>
  <category domain="category" nicename="uncategorized"><![CDATA[Uncategorized]]></category>
  <wp:postmeta>
    <wp:meta_key>_edit_last</wp:meta_key>
    <wp:meta_value><![CDATA[1]]></wp:meta_value>
  </wp:postmeta>
  <wp:postmeta>
    <wp:meta_key>_pingme</wp:meta_key>
    <wp:meta_value><![CDATA[1]]></wp:meta_value>
  </wp:postmeta>
  <wp:postmeta>
    <wp:meta_key>_encloseme</wp:meta_key>
    <wp:meta_value><![CDATA[1]]></wp:meta_value>
  </wp:postmeta>
  <wp:postmeta>
    <wp:meta_key>_abt-reflist-state</wp:meta_key>
    <wp:meta_value><![CDATA[{"CSL":{"931374141":{"type":"article-journal","PMID":"456477","journalAbbreviation":"Exp Mol Pathol","container-title-short":"Exp Mol Pathol","author":[{"family":"Söderström","given":"KO"}],"title":"Effects of alpha-amanitin on RNA synthesis in cultured rat seminiferous tubules.","volume":"31","issue":"1","page":"56-69","language":"eng","ISSN":"0014-4800","URL":"https://www.ncbi.nlm.nih.gov/pubmed/456477","container-title":"Experimental and molecular pathology","issued":{"date-parts":[["1979","08","01"]]},"id":"931374141"},"2529850902":{"type":"article-journal","PMID":"2353435","journalAbbreviation":"Vet Hum Toxicol","container-title-short":"Vet Hum Toxicol","author":[{"family":"Campero","given":"CM"},{"family":"Odriozola","given":"E"}],"title":"A case of solanum malacoxylon toxicity in pigs.","volume":"32","issue":"3","page":"238-9","language":"eng","ISSN":"0145-6296","URL":"https://www.ncbi.nlm.nih.gov/pubmed/2353435","container-title":"Veterinary and human toxicology","issued":{"date-parts":[["1990","06","01"]]},"id":"2529850902"},"2851375125":{"type":"article-journal","PMID":"45675","journalAbbreviation":"JACEP","container-title-short":"JACEP","author":[{"family":"Stafford","given":"Hardy"}],"title":"The emergency nurse practitioner: the role and training of an emerging health professional.","volume":"7","issue":"10","page":"372-6","language":"eng","ISSN":"0361-1124","URL":"https://www.ncbi.nlm.nih.gov/pubmed/45675","container-title":"JACEP","issued":{"date-parts":[["1978","10","01"]]},"id":"2851375125"},"4253553265":{"type":"article-journal","PMID":"23623","journalAbbreviation":"Verh Dtsch Ges Pathol","container-title-short":"Verh Dtsch Ges Pathol","author":[{"family":"Cain","given":"H"},{"family":"Egner","given":"E"}],"title":"[Metastasizing, amyloid producing carcinoma of the APUD series (author's transl)].","volume":"61","page":"314-7","language":"ger","ISSN":"0070-4113","URL":"https://www.ncbi.nlm.nih.gov/pubmed/23623","container-title":"Verhandlungen der Deutschen Gesellschaft fur Pathologie","issued":{"date-parts":[["1977","01","01"]]},"id":"4253553265"}},"cache":{"locale":"en_US","style":{"kind":"predefined","value":"american-medical-association","label":"American Medical Association"}},"citationByIndex":[{"citationID":"83dd1e01-ae49-4f00-9872-c1f6f89d3267","citationItems":[{"id":"2529850902","item":{"type":"article-journal","PMID":"2353435","journalAbbreviation":"Vet Hum Toxicol","container-title-short":"Vet Hum Toxicol","author":[{"family":"Campero","given":"CM"},{"family":"Odriozola","given":"E"}],"title":"A case of solanum malacoxylon toxicity in pigs.","volume":"32","issue":"3","page":"238-9","language":"eng","ISSN":"0145-6296","URL":"https://www.ncbi.nlm.nih.gov/pubmed/2353435","container-title":"Veterinary and human toxicology","issued":{"year":1990,"month":6,"day":1},"id":"2529850902","page-first":"238"}}],"properties":{"index":0,"noteIndex":0}},{"citationID":"0fb10fda-3deb-472c-a366-571a2e16b675","citationItems":[{"id":"931374141","item":{"type":"article-journal","PMID":"456477","journalAbbreviation":"Exp Mol Pathol","container-title-short":"Exp Mol Pathol","author":[{"family":"Söderström","given":"KO"}],"title":"Effects of alpha-amanitin on RNA synthesis in cultured rat seminiferous tubules.","volume":"31","issue":"1","page":"56-69","language":"eng","ISSN":"0014-4800","URL":"https://www.ncbi.nlm.nih.gov/pubmed/456477","container-title":"Experimental and molecular pathology","issued":{"year":1979,"month":8,"day":1},"id":"931374141","page-first":"56"}},{"id":"4253553265","item":{"type":"article-journal","PMID":"23623","journalAbbreviation":"Verh Dtsch Ges Pathol","container-title-short":"Verh Dtsch Ges Pathol","author":[{"family":"Cain","given":"H"},{"family":"Egner","given":"E"}],"title":"[Metastasizing, amyloid producing carcinoma of the APUD series (author's transl)].","volume":"61","page":"314-7","language":"ger","ISSN":"0070-4113","URL":"https://www.ncbi.nlm.nih.gov/pubmed/23623","container-title":"Verhandlungen der Deutschen Gesellschaft fur Pathologie","issued":{"year":1977,"month":1,"day":1},"id":"4253553265","page-first":"314"}}],"properties":{"index":1,"noteIndex":0}},{"citationID":"788113d3-0bab-49ab-b3e0-c3c093e7e918","citationItems":[{"id":"2851375125","item":{"type":"article-journal","PMID":"45675","journalAbbreviation":"JACEP","container-title-short":"JACEP","author":[{"family":"Stafford","given":"Hardy"}],"title":"The emergency nurse practitioner: the role and training of an emerging health professional.","volume":"7","issue":"10","page":"372-6","language":"eng","ISSN":"0361-1124","URL":"https://www.ncbi.nlm.nih.gov/pubmed/45675","container-title":"JACEP","issued":{"year":1978,"month":10,"day":1},"id":"2851375125","page-first":"372"}}],"properties":{"index":2,"noteIndex":3}}]}]]></wp:meta_value>
  </wp:postmeta>
  <wp:postmeta>
    <wp:meta_key>_pingme</wp:meta_key>
    <wp:meta_value><![CDATA[1]]></wp:meta_value>
  </wp:postmeta>
  <wp:postmeta>
    <wp:meta_key>_encloseme</wp:meta_key>
    <wp:meta_value><![CDATA[1]]></wp:meta_value>
  </wp:postmeta>
</item>
<item>
  <title>Block Editor</title>
  <link>http://localhost:8080/2019/04/block-editor/</link>
  <pubDate>Mon, 22 Apr 2019 22:38:13 +0000</pubDate>
  <dc:creator>root</dc:creator>
  <guid isPermaLink="false">http://localhost:8080/?p=8</guid>
  <description/>
  <content:encoded><![CDATA[<!-- wp:paragraph -->
<p>This is a test.</p>
<!-- /wp:paragraph -->

<!-- wp:paragraph -->
<p>Test test test.<span id="145c1625-099b-4fc8-912d-d3bb54e71197" data-items="[&quot;123424&quot;]" contenteditable="false" class="abt-citation" data-has-children="true"><sup>​1​</sup></span></p>
<!-- /wp:paragraph -->

<!-- wp:paragraph -->
<p>blahhhhhhh.<span id="1b45ccd0-7a6b-4ffe-87f8-3bf37798ccfd" data-items="[&quot;53353&quot;,&quot;23535&quot;]" contenteditable="false" data-has-children="true" class="abt-citation"><sup>​2,3​</sup></span></p>
<!-- /wp:paragraph -->

<!-- wp:abt/bibliography {"heading":"Test Bibliography"} -->
<section class="wp-block-abt-bibliography abt-bibliography" role="region" aria-label="Bibliography"><h3 class="abt-bibliography__heading">Test Bibliography</h3><ol class="abt-bibliography__body" data-entryspacing="1" data-maxoffset="3" data-linespacing="1" data-second-field-align="flush"><li id="123424">  <div class="csl-entry">
    <div class="csl-left-margin">1. </div><div class="csl-right-inline">Abbasi A. Current application of echocardiography. <i>Angiology</i>. 1975;26(4):303-316. <a href="https://www.ncbi.nlm.nih.gov/pubmed/123424">https://www.ncbi.nlm.nih.gov/pubmed/123424</a>.</div>
  </div>
</li><li id="53353">  <div class="csl-entry">
    <div class="csl-left-margin">2. </div><div class="csl-right-inline">DeLéan J, Richardson J. Letter: Relief of myoclonus by L-tryptophan. <i>Lancet</i>. 1975;2(7940):870-871. <a href="https://www.ncbi.nlm.nih.gov/pubmed/53353">https://www.ncbi.nlm.nih.gov/pubmed/53353</a>.</div>
  </div>
</li><li id="23535">  <div class="csl-entry">
    <div class="csl-left-margin">3. </div><div class="csl-right-inline">Colb M, Shapiro L. A pH-conditional mutant of Escherichia coli. <i>Proc Natl Acad Sci U S A</i>. 1977;74(12):5637-5641. <a href="https://www.ncbi.nlm.nih.gov/pubmed/23535">https://www.ncbi.nlm.nih.gov/pubmed/23535</a>.</div>
  </div>
</li></ol></section>
<!-- /wp:abt/bibliography -->]]></content:encoded>
  <excerpt:encoded><![CDATA[]]></excerpt:encoded>
  <wp:post_id>8</wp:post_id>
  <wp:post_date>2019-04-22 22:38:13</wp:post_date>
  <wp:post_date_gmt>2019-04-22 22:38:13</wp:post_date_gmt>
  <wp:comment_status>open</wp:comment_status>
  <wp:ping_status>open</wp:ping_status>
  <wp:post_name>block-editor</wp:post_name>
  <wp:status>publish</wp:status>
  <wp:post_parent>0</wp:post_parent>
  <wp:menu_order>0</wp:menu_order>
  <wp:post_type>post</wp:post_type>
  <wp:post_password/>
  <wp:is_sticky>0</wp:is_sticky>
  <category domain="category" nicename="uncategorized"><![CDATA[Uncategorized]]></category>
  <wp:postmeta>
    <wp:meta_key>_abt_state</wp:meta_key>
    <wp:meta_value><![CDATA[{"references":[{"type":"article-journal","PMID":"53353","journalAbbreviation":"Lancet","container-title-short":"Lancet","author":[{"family":"DeL\u00e9an","given":"J"},{"family":"Richardson","given":"JC"}],"title":"Letter: Relief of myoclonus by L-tryptophan.","volume":"2","issue":"7940","page":"870-1","language":"eng","ISSN":"0140-6736","URL":"https:\/\/www.ncbi.nlm.nih.gov\/pubmed\/53353","container-title":"Lancet (London, England)","issued":{"date-parts":[["1975","11","01"]]},"id":"53353"},{"type":"article-journal","PMID":"123424","journalAbbreviation":"Angiology","container-title-short":"Angiology","author":[{"family":"Abbasi","given":"AS"}],"title":"Current application of echocardiography.","volume":"26","issue":"4","page":"303-16","language":"eng","ISSN":"0003-3197","URL":"https:\/\/www.ncbi.nlm.nih.gov\/pubmed\/123424","container-title":"Angiology","issued":{"date-parts":[["1975","04","01"]]},"id":"123424"},{"type":"article-journal","PMID":"23535","journalAbbreviation":"Proc Natl Acad Sci U S A","container-title-short":"Proc Natl Acad Sci U S A","author":[{"family":"Colb","given":"M"},{"family":"Shapiro","given":"L"}],"title":"A pH-conditional mutant of Escherichia coli.","volume":"74","issue":"12","page":"5637-41","language":"eng","ISSN":"0027-8424","URL":"https:\/\/www.ncbi.nlm.nih.gov\/pubmed\/23535","container-title":"Proceedings of the National Academy of Sciences of the United States of America","issued":{"date-parts":[["1977","12","01"]]},"id":"23535"}],"style":{"kind":"predefined","label":"American Medical Association","value":"american-medical-association"}}]]></wp:meta_value>
  </wp:postmeta>
  <wp:postmeta>
    <wp:meta_key>classic-editor-remember</wp:meta_key>
    <wp:meta_value><![CDATA[block-editor]]></wp:meta_value>
  </wp:postmeta>
  <wp:postmeta>
    <wp:meta_key>_pingme</wp:meta_key>
    <wp:meta_value><![CDATA[1]]></wp:meta_value>
  </wp:postmeta>
  <wp:postmeta>
    <wp:meta_key>_encloseme</wp:meta_key>
    <wp:meta_value><![CDATA[1]]></wp:meta_value>
  </wp:postmeta>
</item>
<item>
  <title>Legacy Toggle Test</title>
  <link>http://localhost:8080/2019/04/legacy-toggle-test/</link>
  <pubDate>Mon, 22 Apr 2019 23:15:49 +0000</pubDate>
  <dc:creator>root</dc:creator>
  <guid isPermaLink="false">http://localhost:8080/?p=15</guid>
  <description/>
  <content:encoded><![CDATA[Blah blah<span id="b1f0ba0a-0e17-4934-a034-4e2aefa75338" class="abt-citation noselect mceNonEditable" data-reflist="[&quot;959948424&quot;,&quot;97583519&quot;]"><sup>1,2</sup></span>

blaaaaaaaaaaaaah<span id="7755b67a-0ec1-4cd6-a973-dcf4b3a9e877" class="abt-citation noselect mceNonEditable" data-reflist="[&quot;2682404725&quot;,&quot;802647&quot;]" data-footnote="undefined"><sup>3,4</sup></span>

blah<span id="44e193b2-9a1b-4f0b-9ad5-a088f435ca69" class="abt-citation noselect mceNonEditable" data-reflist="[&quot;2736525038&quot;]" data-footnote="undefined"><sup>5</sup></span>
<div id="abt-bibliography" class="abt-bibliography noselect mceNonEditable" data-reflist="[&quot;959948424&quot;,&quot;97583519&quot;,&quot;2682404725&quot;,&quot;802647&quot;,&quot;2736525038&quot;]"><button class="abt-bibliography__heading abt-bibliography__heading_toggle" aria-expanded="false" aria-controls="abt-bibliography__container" data-heading-level="h3">My Bibliography</button>
<div id="abt-bibliography__container" class="abt-bibliography__container">
<div id="959948424">
<div class="csl-entry flush">
<div class="csl-left-margin">1.</div>
<div class="csl-right-inline">Abrams H, Barkmeier W, Cooley R. The effect of heat on local anesthetic cartridges. <i>J Colo Dent Assoc</i>. 1978;56(2):18-19. <a href="https://www.ncbi.nlm.nih.gov/pubmed/34634" target="_blank" rel="noopener noreferrer">https://www.ncbi.nlm.nih.gov/pubmed/34634</a>.</div>
</div>
</div>
<div id="97583519">
<div class="csl-entry flush">
<div class="csl-left-margin">2.</div>
<div class="csl-right-inline">Tsuka T, Kawagoe A, Katsushima K, Hamada T, Yamada S. [Effects of different soldering gap spaces on tensile strength in soldered dental gold alloy (author’s transl)]. <i>Hiroshima Daigaku Shigaku Zasshi</i>. 1977;9(2):265-269. <a href="https://www.ncbi.nlm.nih.gov/pubmed/34644" target="_blank" rel="noopener noreferrer">https://www.ncbi.nlm.nih.gov/pubmed/34644</a>.</div>
</div>
</div>
<div id="2682404725">
<div class="csl-entry flush">
<div class="csl-left-margin">3.</div>
<div class="csl-right-inline">Karna P, Poland R. Monitoring critically ill newborn infants with digital capillary blood samples: an alternative. <i>J Pediatr</i>. 1978;92(2):270-273. <a href="https://www.ncbi.nlm.nih.gov/pubmed/23422" target="_blank" rel="noopener noreferrer">https://www.ncbi.nlm.nih.gov/pubmed/23422</a>.</div>
</div>
</div>
<div id="802647">
<div class="csl-entry flush">
<div class="csl-left-margin">4.</div>
<div class="csl-right-inline">Dietl T, Tschesche H. [The disulfide bridges of the trypsin-kallikrein inhibitor K from snails (Helix pomatia). Thermal inactivation and proteolysis by thermolysin (author’s transl)]. <i>Hoppe Seylers Z Physiol Chem</i>. 1976;357(2):139-145. <a href="https://www.ncbi.nlm.nih.gov/pubmed/3462" target="_blank" rel="noopener noreferrer">https://www.ncbi.nlm.nih.gov/pubmed/3462</a>.</div>
</div>
</div>
<div id="2736525038">
<div class="csl-entry flush">
<div class="csl-left-margin">5.</div>
<div class="csl-right-inline">Thomas D, Barbotin J, David A, Hervagault J, Romette J. Experimental evidence for a kinetic and electrochemical memory in enzyme membranes. <i>Proc Natl Acad Sci U S A</i>. 1977;74(12):5314-5317. <a href="https://www.ncbi.nlm.nih.gov/pubmed/23533" target="_blank" rel="noopener noreferrer">https://www.ncbi.nlm.nih.gov/pubmed/23533</a>.</div>
</div>
</div>
</div>
</div>]]></content:encoded>
  <excerpt:encoded><![CDATA[]]></excerpt:encoded>
  <wp:post_id>15</wp:post_id>
  <wp:post_date>2019-04-22 23:15:49</wp:post_date>
  <wp:post_date_gmt>2019-04-22 23:15:49</wp:post_date_gmt>
  <wp:comment_status>open</wp:comment_status>
  <wp:ping_status>open</wp:ping_status>
  <wp:post_name>legacy-toggle-test</wp:post_name>
  <wp:status>publish</wp:status>
  <wp:post_parent>0</wp:post_parent>
  <wp:menu_order>0</wp:menu_order>
  <wp:post_type>post</wp:post_type>
  <wp:post_password/>
  <wp:is_sticky>0</wp:is_sticky>
  <category domain="category" nicename="uncategorized"><![CDATA[Uncategorized]]></category>
  <wp:postmeta>
    <wp:meta_key>classic-editor-remember</wp:meta_key>
    <wp:meta_value><![CDATA[classic-editor]]></wp:meta_value>
  </wp:postmeta>
  <wp:postmeta>
    <wp:meta_key>_edit_last</wp:meta_key>
    <wp:meta_value><![CDATA[1]]></wp:meta_value>
  </wp:postmeta>
  <wp:postmeta>
    <wp:meta_key>_pingme</wp:meta_key>
    <wp:meta_value><![CDATA[1]]></wp:meta_value>
  </wp:postmeta>
  <wp:postmeta>
    <wp:meta_key>_encloseme</wp:meta_key>
    <wp:meta_value><![CDATA[1]]></wp:meta_value>
  </wp:postmeta>
  <wp:postmeta>
    <wp:meta_key>_abt-reflist-state</wp:meta_key>
    <wp:meta_value><![CDATA[{"CSL":{"802647":{"type":"article-journal","PMID":"3462","journalAbbreviation":"Hoppe Seylers Z Physiol Chem","container-title-short":"Hoppe Seylers Z Physiol Chem","author":[{"family":"Dietl","given":"T"},{"family":"Tschesche","given":"H"}],"title":"[The disulfide bridges of the trypsin-kallikrein inhibitor K from snails (Helix pomatia). Thermal inactivation and proteolysis by thermolysin (author's transl)].","volume":"357","issue":"2","page":"139-45","language":"ger","ISSN":"0018-4888","URL":"https://www.ncbi.nlm.nih.gov/pubmed/3462","container-title":"Hoppe-Seyler's Zeitschrift fur physiologische Chemie","issued":{"date-parts":[["1976","02","01"]]},"id":"802647"},"97583519":{"type":"article-journal","PMID":"34644","journalAbbreviation":"Hiroshima Daigaku Shigaku Zasshi","container-title-short":"Hiroshima Daigaku Shigaku Zasshi","author":[{"family":"Tsuka","given":"T"},{"family":"Kawagoe","given":"A"},{"family":"Katsushima","given":"K"},{"family":"Hamada","given":"T"},{"family":"Yamada","given":"S"}],"title":"[Effects of different soldering gap spaces on tensile strength in soldered dental gold alloy (author's transl)].","volume":"9","issue":"2","page":"265-9","language":"jpn","ISSN":"0046-7472","URL":"https://www.ncbi.nlm.nih.gov/pubmed/34644","container-title":"Hiroshima Daigaku shigaku zasshi. The Journal of Hiroshima University Dental Society","issued":{"date-parts":[["1977","01","01"]]},"id":"97583519"},"959948424":{"type":"article-journal","PMID":"34634","journalAbbreviation":"J Colo Dent Assoc","container-title-short":"J Colo Dent Assoc","author":[{"family":"Abrams","given":"H"},{"family":"Barkmeier","given":"WW"},{"family":"Cooley","given":"RL"}],"title":"The effect of heat on local anesthetic cartridges.","volume":"56","issue":"2","page":"18-9","language":"eng","ISSN":"0010-1559","URL":"https://www.ncbi.nlm.nih.gov/pubmed/34634","container-title":"Journal of the Colorado Dental Association","issued":{"date-parts":[["1978","01","01"]]},"id":"959948424"},"2682404725":{"type":"article-journal","PMID":"23422","journalAbbreviation":"J Pediatr","container-title-short":"J Pediatr","author":[{"family":"Karna","given":"P"},{"family":"Poland","given":"RL"}],"title":"Monitoring critically ill newborn infants with digital capillary blood samples: an alternative.","volume":"92","issue":"2","page":"270-3","language":"eng","ISSN":"0022-3476","URL":"https://www.ncbi.nlm.nih.gov/pubmed/23422","container-title":"The Journal of pediatrics","issued":{"date-parts":[["1978","02","01"]]},"id":"2682404725"},"2736525038":{"type":"article-journal","PMID":"23533","journalAbbreviation":"Proc Natl Acad Sci U S A","container-title-short":"Proc Natl Acad Sci U S A","author":[{"family":"Thomas","given":"D"},{"family":"Barbotin","given":"JN"},{"family":"David","given":"A"},{"family":"Hervagault","given":"JF"},{"family":"Romette","given":"JL"}],"title":"Experimental evidence for a kinetic and electrochemical memory in enzyme membranes.","volume":"74","issue":"12","page":"5314-7","language":"eng","ISSN":"0027-8424","URL":"https://www.ncbi.nlm.nih.gov/pubmed/23533","container-title":"Proceedings of the National Academy of Sciences of the United States of America","issued":{"date-parts":[["1977","12","01"]]},"id":"2736525038"}},"cache":{"locale":"en_US","style":{"kind":"predefined","value":"american-medical-association","label":"American Medical Association"}},"citationByIndex":[{"citationID":"b1f0ba0a-0e17-4934-a034-4e2aefa75338","citationItems":[{"id":"959948424","item":{"type":"article-journal","PMID":"34634","journalAbbreviation":"J Colo Dent Assoc","container-title-short":"J Colo Dent Assoc","author":[{"family":"Abrams","given":"H"},{"family":"Barkmeier","given":"WW"},{"family":"Cooley","given":"RL"}],"title":"The effect of heat on local anesthetic cartridges.","volume":"56","issue":"2","page":"18-9","language":"eng","ISSN":"0010-1559","URL":"https://www.ncbi.nlm.nih.gov/pubmed/34634","container-title":"Journal of the Colorado Dental Association","issued":{"year":1978,"month":1,"day":1},"id":"959948424","page-first":"18"}},{"id":"97583519","item":{"type":"article-journal","PMID":"34644","journalAbbreviation":"Hiroshima Daigaku Shigaku Zasshi","container-title-short":"Hiroshima Daigaku Shigaku Zasshi","author":[{"family":"Tsuka","given":"T"},{"family":"Kawagoe","given":"A"},{"family":"Katsushima","given":"K"},{"family":"Hamada","given":"T"},{"family":"Yamada","given":"S"}],"title":"[Effects of different soldering gap spaces on tensile strength in soldered dental gold alloy (author's transl)].","volume":"9","issue":"2","page":"265-9","language":"jpn","ISSN":"0046-7472","URL":"https://www.ncbi.nlm.nih.gov/pubmed/34644","container-title":"Hiroshima Daigaku shigaku zasshi. The Journal of Hiroshima University Dental Society","issued":{"year":1977,"month":1,"day":1},"id":"97583519","page-first":"265"}}],"properties":{"index":0,"noteIndex":0}},{"citationID":"7755b67a-0ec1-4cd6-a973-dcf4b3a9e877","citationItems":[{"id":"2682404725","item":{"type":"article-journal","PMID":"23422","journalAbbreviation":"J Pediatr","container-title-short":"J Pediatr","author":[{"family":"Karna","given":"P"},{"family":"Poland","given":"RL"}],"title":"Monitoring critically ill newborn infants with digital capillary blood samples: an alternative.","volume":"92","issue":"2","page":"270-3","language":"eng","ISSN":"0022-3476","URL":"https://www.ncbi.nlm.nih.gov/pubmed/23422","container-title":"The Journal of pediatrics","issued":{"year":1978,"month":2,"day":1},"id":"2682404725","page-first":"270"}},{"id":"802647","item":{"type":"article-journal","PMID":"3462","journalAbbreviation":"Hoppe Seylers Z Physiol Chem","container-title-short":"Hoppe Seylers Z Physiol Chem","author":[{"family":"Dietl","given":"T"},{"family":"Tschesche","given":"H"}],"title":"[The disulfide bridges of the trypsin-kallikrein inhibitor K from snails (Helix pomatia). Thermal inactivation and proteolysis by thermolysin (author's transl)].","volume":"357","issue":"2","page":"139-45","language":"ger","ISSN":"0018-4888","URL":"https://www.ncbi.nlm.nih.gov/pubmed/3462","container-title":"Hoppe-Seyler's Zeitschrift fur physiologische Chemie","issued":{"year":1976,"month":2,"day":1},"id":"802647","page-first":"139"}}],"properties":{"index":1,"noteIndex":1}},{"citationID":"44e193b2-9a1b-4f0b-9ad5-a088f435ca69","citationItems":[{"id":"2736525038","item":{"type":"article-journal","PMID":"23533","journalAbbreviation":"Proc Natl Acad Sci U S A","container-title-short":"Proc Natl Acad Sci U S A","author":[{"family":"Thomas","given":"D"},{"family":"Barbotin","given":"JN"},{"family":"David","given":"A"},{"family":"Hervagault","given":"JF"},{"family":"Romette","given":"JL"}],"title":"Experimental evidence for a kinetic and electrochemical memory in enzyme membranes.","volume":"74","issue":"12","page":"5314-7","language":"eng","ISSN":"0027-8424","URL":"https://www.ncbi.nlm.nih.gov/pubmed/23533","container-title":"Proceedings of the National Academy of Sciences of the United States of America","issued":{"year":1977,"month":12,"day":1},"id":"2736525038","page-first":"5314"}}],"properties":{"index":2,"noteIndex":2}}]}]]></wp:meta_value>
  </wp:postmeta>
  <wp:postmeta>
    <wp:meta_key>_abt_state</wp:meta_key>
    <wp:meta_value><![CDATA[{"references":[{"type":"article-journal","PMID":"3462","journalAbbreviation":"Hoppe Seylers Z Physiol Chem","container-title-short":"Hoppe Seylers Z Physiol Chem","author":[{"family":"Dietl","given":"T"},{"family":"Tschesche","given":"H"}],"title":"[The disulfide bridges of the trypsin-kallikrein inhibitor K from snails (Helix pomatia). Thermal inactivation and proteolysis by thermolysin (author's transl)].","volume":"357","issue":"2","page":"139-45","language":"ger","ISSN":"0018-4888","URL":"https:\/\/www.ncbi.nlm.nih.gov\/pubmed\/3462","container-title":"Hoppe-Seyler's Zeitschrift fur physiologische Chemie","issued":{"date-parts":[["1976","02","01"]]},"id":"802647"},{"type":"article-journal","PMID":"34644","journalAbbreviation":"Hiroshima Daigaku Shigaku Zasshi","container-title-short":"Hiroshima Daigaku Shigaku Zasshi","author":[{"family":"Tsuka","given":"T"},{"family":"Kawagoe","given":"A"},{"family":"Katsushima","given":"K"},{"family":"Hamada","given":"T"},{"family":"Yamada","given":"S"}],"title":"[Effects of different soldering gap spaces on tensile strength in soldered dental gold alloy (author's transl)].","volume":"9","issue":"2","page":"265-9","language":"jpn","ISSN":"0046-7472","URL":"https:\/\/www.ncbi.nlm.nih.gov\/pubmed\/34644","container-title":"Hiroshima Daigaku shigaku zasshi. The Journal of Hiroshima University Dental Society","issued":{"date-parts":[["1977","01","01"]]},"id":"97583519"},{"type":"article-journal","PMID":"34634","journalAbbreviation":"J Colo Dent Assoc","container-title-short":"J Colo Dent Assoc","author":[{"family":"Abrams","given":"H"},{"family":"Barkmeier","given":"WW"},{"family":"Cooley","given":"RL"}],"title":"The effect of heat on local anesthetic cartridges.","volume":"56","issue":"2","page":"18-9","language":"eng","ISSN":"0010-1559","URL":"https:\/\/www.ncbi.nlm.nih.gov\/pubmed\/34634","container-title":"Journal of the Colorado Dental Association","issued":{"date-parts":[["1978","01","01"]]},"id":"959948424"},{"type":"article-journal","PMID":"23422","journalAbbreviation":"J Pediatr","container-title-short":"J Pediatr","author":[{"family":"Karna","given":"P"},{"family":"Poland","given":"RL"}],"title":"Monitoring critically ill newborn infants with digital capillary blood samples: an alternative.","volume":"92","issue":"2","page":"270-3","language":"eng","ISSN":"0022-3476","URL":"https:\/\/www.ncbi.nlm.nih.gov\/pubmed\/23422","container-title":"The Journal of pediatrics","issued":{"date-parts":[["1978","02","01"]]},"id":"2682404725"},{"type":"article-journal","PMID":"23533","journalAbbreviation":"Proc Natl Acad Sci U S A","container-title-short":"Proc Natl Acad Sci U S A","author":[{"family":"Thomas","given":"D"},{"family":"Barbotin","given":"JN"},{"family":"David","given":"A"},{"family":"Hervagault","given":"JF"},{"family":"Romette","given":"JL"}],"title":"Experimental evidence for a kinetic and electrochemical memory in enzyme membranes.","volume":"74","issue":"12","page":"5314-7","language":"eng","ISSN":"0027-8424","URL":"https:\/\/www.ncbi.nlm.nih.gov\/pubmed\/23533","container-title":"Proceedings of the National Academy of Sciences of the United States of America","issued":{"date-parts":[["1977","12","01"]]},"id":"2736525038"}],"style":{"kind":"predefined","value":"american-medical-association","label":"American Medical Association"}}]]></wp:meta_value>
  </wp:postmeta>
</item>
<item>
  <title>Legacy Toggle Test (converted)</title>
  <link>http://localhost:8080/2019/04/legacy-toggle-test-2/</link>
  <pubDate>Mon, 22 Apr 2019 23:18:10 +0000</pubDate>
  <dc:creator>root</dc:creator>
  <guid isPermaLink="false">http://localhost:8080/2019/04/legacy-toggle-test-2/</guid>
  <description/>
  <content:encoded><![CDATA[<!-- wp:paragraph -->
<p>Blah blah<span id="b1f0ba0a-0e17-4934-a034-4e2aefa75338" class="abt-citation noselect mceNonEditable" data-reflist="[&quot;959948424&quot;,&quot;97583519&quot;]" data-items="[&quot;959948424&quot;,&quot;97583519&quot;]" data-has-children="true"><sup>​1,2​</sup></span></p>
<!-- /wp:paragraph -->

<!-- wp:paragraph -->
<p>blaaaaaaaaaaaaah<span id="7755b67a-0ec1-4cd6-a973-dcf4b3a9e877" class="abt-citation noselect mceNonEditable" data-reflist="[&quot;2682404725&quot;,&quot;802647&quot;]" data-footnote="undefined" data-items="[&quot;2682404725&quot;,&quot;802647&quot;]" data-has-children="true"><sup>​3,4​</sup></span></p>
<!-- /wp:paragraph -->

<!-- wp:paragraph -->
<p>blah<span id="44e193b2-9a1b-4f0b-9ad5-a088f435ca69" class="abt-citation noselect mceNonEditable" data-reflist="[&quot;2736525038&quot;]" data-footnote="undefined" data-items="[&quot;2736525038&quot;]" data-has-children="true"><sup>​5​</sup></span></p>
<!-- /wp:paragraph -->

<!-- wp:abt/bibliography {"heading":"My Bibliography","isToggleable":true} -->
<section class="wp-block-abt-bibliography abt-bibliography" role="region" aria-label="Bibliography"><details><summary><h3 class="abt-bibliography__heading">My Bibliography</h3></summary><ol class="abt-bibliography__body" data-entryspacing="1" data-maxoffset="3" data-linespacing="1" data-second-field-align="flush"><li id="959948424">  <div class="csl-entry">
    <div class="csl-left-margin">1. </div><div class="csl-right-inline">Abrams H, Barkmeier W, Cooley R. The effect of heat on local anesthetic cartridges. <i>J Colo Dent Assoc</i>. 1978;56(2):18-19. <a href="https://www.ncbi.nlm.nih.gov/pubmed/34634">https://www.ncbi.nlm.nih.gov/pubmed/34634</a>.</div>
  </div>
</li><li id="97583519">  <div class="csl-entry">
    <div class="csl-left-margin">2. </div><div class="csl-right-inline">Tsuka T, Kawagoe A, Katsushima K, Hamada T, Yamada S. [Effects of different soldering gap spaces on tensile strength in soldered dental gold alloy (author’s transl)]. <i>Hiroshima Daigaku Shigaku Zasshi</i>. 1977;9(2):265-269. <a href="https://www.ncbi.nlm.nih.gov/pubmed/34644">https://www.ncbi.nlm.nih.gov/pubmed/34644</a>.</div>
  </div>
</li><li id="2682404725">  <div class="csl-entry">
    <div class="csl-left-margin">3. </div><div class="csl-right-inline">Karna P, Poland R. Monitoring critically ill newborn infants with digital capillary blood samples: an alternative. <i>J Pediatr</i>. 1978;92(2):270-273. <a href="https://www.ncbi.nlm.nih.gov/pubmed/23422">https://www.ncbi.nlm.nih.gov/pubmed/23422</a>.</div>
  </div>
</li><li id="802647">  <div class="csl-entry">
    <div class="csl-left-margin">4. </div><div class="csl-right-inline">Dietl T, Tschesche H. [The disulfide bridges of the trypsin-kallikrein inhibitor K from snails (Helix pomatia). Thermal inactivation and proteolysis by thermolysin (author’s transl)]. <i>Hoppe Seylers Z Physiol Chem</i>. 1976;357(2):139-145. <a href="https://www.ncbi.nlm.nih.gov/pubmed/3462">https://www.ncbi.nlm.nih.gov/pubmed/3462</a>.</div>
  </div>
</li><li id="2736525038">  <div class="csl-entry">
    <div class="csl-left-margin">5. </div><div class="csl-right-inline">Thomas D, Barbotin J, David A, Hervagault J, Romette J. Experimental evidence for a kinetic and electrochemical memory in enzyme membranes. <i>Proc Natl Acad Sci U S A</i>. 1977;74(12):5314-5317. <a href="https://www.ncbi.nlm.nih.gov/pubmed/23533">https://www.ncbi.nlm.nih.gov/pubmed/23533</a>.</div>
  </div>
</li></ol></details></section>
<!-- /wp:abt/bibliography -->]]></content:encoded>
  <excerpt:encoded><![CDATA[]]></excerpt:encoded>
  <wp:post_id>18</wp:post_id>
  <wp:post_date>2019-04-22 23:18:10</wp:post_date>
  <wp:post_date_gmt>2019-04-22 23:18:10</wp:post_date_gmt>
  <wp:comment_status>open</wp:comment_status>
  <wp:ping_status>open</wp:ping_status>
  <wp:post_name>legacy-toggle-test-2</wp:post_name>
  <wp:status>publish</wp:status>
  <wp:post_parent>0</wp:post_parent>
  <wp:menu_order>0</wp:menu_order>
  <wp:post_type>post</wp:post_type>
  <wp:post_password/>
  <wp:is_sticky>0</wp:is_sticky>
  <category domain="category" nicename="uncategorized"><![CDATA[Uncategorized]]></category>
  <wp:postmeta>
    <wp:meta_key>classic-editor-remember</wp:meta_key>
    <wp:meta_value><![CDATA[block-editor]]></wp:meta_value>
  </wp:postmeta>
  <wp:postmeta>
    <wp:meta_key>_edit_last</wp:meta_key>
    <wp:meta_value><![CDATA[1]]></wp:meta_value>
  </wp:postmeta>
  <wp:postmeta>
    <wp:meta_key>_pingme</wp:meta_key>
    <wp:meta_value><![CDATA[1]]></wp:meta_value>
  </wp:postmeta>
  <wp:postmeta>
    <wp:meta_key>_encloseme</wp:meta_key>
    <wp:meta_value><![CDATA[1]]></wp:meta_value>
  </wp:postmeta>
  <wp:postmeta>
    <wp:meta_key>_abt-reflist-state</wp:meta_key>
    <wp:meta_value><![CDATA[{"CSL":{"802647":{"type":"article-journal","PMID":"3462","journalAbbreviation":"Hoppe Seylers Z Physiol Chem","container-title-short":"Hoppe Seylers Z Physiol Chem","author":[{"family":"Dietl","given":"T"},{"family":"Tschesche","given":"H"}],"title":"[The disulfide bridges of the trypsin-kallikrein inhibitor K from snails (Helix pomatia). Thermal inactivation and proteolysis by thermolysin (author's transl)].","volume":"357","issue":"2","page":"139-45","language":"ger","ISSN":"0018-4888","URL":"https://www.ncbi.nlm.nih.gov/pubmed/3462","container-title":"Hoppe-Seyler's Zeitschrift fur physiologische Chemie","issued":{"date-parts":[["1976","02","01"]]},"id":"802647"},"97583519":{"type":"article-journal","PMID":"34644","journalAbbreviation":"Hiroshima Daigaku Shigaku Zasshi","container-title-short":"Hiroshima Daigaku Shigaku Zasshi","author":[{"family":"Tsuka","given":"T"},{"family":"Kawagoe","given":"A"},{"family":"Katsushima","given":"K"},{"family":"Hamada","given":"T"},{"family":"Yamada","given":"S"}],"title":"[Effects of different soldering gap spaces on tensile strength in soldered dental gold alloy (author's transl)].","volume":"9","issue":"2","page":"265-9","language":"jpn","ISSN":"0046-7472","URL":"https://www.ncbi.nlm.nih.gov/pubmed/34644","container-title":"Hiroshima Daigaku shigaku zasshi. The Journal of Hiroshima University Dental Society","issued":{"date-parts":[["1977","01","01"]]},"id":"97583519"},"959948424":{"type":"article-journal","PMID":"34634","journalAbbreviation":"J Colo Dent Assoc","container-title-short":"J Colo Dent Assoc","author":[{"family":"Abrams","given":"H"},{"family":"Barkmeier","given":"WW"},{"family":"Cooley","given":"RL"}],"title":"The effect of heat on local anesthetic cartridges.","volume":"56","issue":"2","page":"18-9","language":"eng","ISSN":"0010-1559","URL":"https://www.ncbi.nlm.nih.gov/pubmed/34634","container-title":"Journal of the Colorado Dental Association","issued":{"date-parts":[["1978","01","01"]]},"id":"959948424"},"2682404725":{"type":"article-journal","PMID":"23422","journalAbbreviation":"J Pediatr","container-title-short":"J Pediatr","author":[{"family":"Karna","given":"P"},{"family":"Poland","given":"RL"}],"title":"Monitoring critically ill newborn infants with digital capillary blood samples: an alternative.","volume":"92","issue":"2","page":"270-3","language":"eng","ISSN":"0022-3476","URL":"https://www.ncbi.nlm.nih.gov/pubmed/23422","container-title":"The Journal of pediatrics","issued":{"date-parts":[["1978","02","01"]]},"id":"2682404725"},"2736525038":{"type":"article-journal","PMID":"23533","journalAbbreviation":"Proc Natl Acad Sci U S A","container-title-short":"Proc Natl Acad Sci U S A","author":[{"family":"Thomas","given":"D"},{"family":"Barbotin","given":"JN"},{"family":"David","given":"A"},{"family":"Hervagault","given":"JF"},{"family":"Romette","given":"JL"}],"title":"Experimental evidence for a kinetic and electrochemical memory in enzyme membranes.","volume":"74","issue":"12","page":"5314-7","language":"eng","ISSN":"0027-8424","URL":"https://www.ncbi.nlm.nih.gov/pubmed/23533","container-title":"Proceedings of the National Academy of Sciences of the United States of America","issued":{"date-parts":[["1977","12","01"]]},"id":"2736525038"}},"cache":{"locale":"en_US","style":{"kind":"predefined","value":"american-medical-association","label":"American Medical Association"}},"citationByIndex":[{"citationID":"b1f0ba0a-0e17-4934-a034-4e2aefa75338","citationItems":[{"id":"959948424","item":{"type":"article-journal","PMID":"34634","journalAbbreviation":"J Colo Dent Assoc","container-title-short":"J Colo Dent Assoc","author":[{"family":"Abrams","given":"H"},{"family":"Barkmeier","given":"WW"},{"family":"Cooley","given":"RL"}],"title":"The effect of heat on local anesthetic cartridges.","volume":"56","issue":"2","page":"18-9","language":"eng","ISSN":"0010-1559","URL":"https://www.ncbi.nlm.nih.gov/pubmed/34634","container-title":"Journal of the Colorado Dental Association","issued":{"year":1978,"month":1,"day":1},"id":"959948424","page-first":"18"}},{"id":"97583519","item":{"type":"article-journal","PMID":"34644","journalAbbreviation":"Hiroshima Daigaku Shigaku Zasshi","container-title-short":"Hiroshima Daigaku Shigaku Zasshi","author":[{"family":"Tsuka","given":"T"},{"family":"Kawagoe","given":"A"},{"family":"Katsushima","given":"K"},{"family":"Hamada","given":"T"},{"family":"Yamada","given":"S"}],"title":"[Effects of different soldering gap spaces on tensile strength in soldered dental gold alloy (author's transl)].","volume":"9","issue":"2","page":"265-9","language":"jpn","ISSN":"0046-7472","URL":"https://www.ncbi.nlm.nih.gov/pubmed/34644","container-title":"Hiroshima Daigaku shigaku zasshi. The Journal of Hiroshima University Dental Society","issued":{"year":1977,"month":1,"day":1},"id":"97583519","page-first":"265"}}],"properties":{"index":0,"noteIndex":0}},{"citationID":"7755b67a-0ec1-4cd6-a973-dcf4b3a9e877","citationItems":[{"id":"2682404725","item":{"type":"article-journal","PMID":"23422","journalAbbreviation":"J Pediatr","container-title-short":"J Pediatr","author":[{"family":"Karna","given":"P"},{"family":"Poland","given":"RL"}],"title":"Monitoring critically ill newborn infants with digital capillary blood samples: an alternative.","volume":"92","issue":"2","page":"270-3","language":"eng","ISSN":"0022-3476","URL":"https://www.ncbi.nlm.nih.gov/pubmed/23422","container-title":"The Journal of pediatrics","issued":{"year":1978,"month":2,"day":1},"id":"2682404725","page-first":"270"}},{"id":"802647","item":{"type":"article-journal","PMID":"3462","journalAbbreviation":"Hoppe Seylers Z Physiol Chem","container-title-short":"Hoppe Seylers Z Physiol Chem","author":[{"family":"Dietl","given":"T"},{"family":"Tschesche","given":"H"}],"title":"[The disulfide bridges of the trypsin-kallikrein inhibitor K from snails (Helix pomatia). Thermal inactivation and proteolysis by thermolysin (author's transl)].","volume":"357","issue":"2","page":"139-45","language":"ger","ISSN":"0018-4888","URL":"https://www.ncbi.nlm.nih.gov/pubmed/3462","container-title":"Hoppe-Seyler's Zeitschrift fur physiologische Chemie","issued":{"year":1976,"month":2,"day":1},"id":"802647","page-first":"139"}}],"properties":{"index":1,"noteIndex":1}},{"citationID":"44e193b2-9a1b-4f0b-9ad5-a088f435ca69","citationItems":[{"id":"2736525038","item":{"type":"article-journal","PMID":"23533","journalAbbreviation":"Proc Natl Acad Sci U S A","container-title-short":"Proc Natl Acad Sci U S A","author":[{"family":"Thomas","given":"D"},{"family":"Barbotin","given":"JN"},{"family":"David","given":"A"},{"family":"Hervagault","given":"JF"},{"family":"Romette","given":"JL"}],"title":"Experimental evidence for a kinetic and electrochemical memory in enzyme membranes.","volume":"74","issue":"12","page":"5314-7","language":"eng","ISSN":"0027-8424","URL":"https://www.ncbi.nlm.nih.gov/pubmed/23533","container-title":"Proceedings of the National Academy of Sciences of the United States of America","issued":{"year":1977,"month":12,"day":1},"id":"2736525038","page-first":"5314"}}],"properties":{"index":2,"noteIndex":2}}]}]]></wp:meta_value>
  </wp:postmeta>
  <wp:postmeta>
    <wp:meta_key>_abt_state</wp:meta_key>
    <wp:meta_value><![CDATA[{"references":[{"type":"article-journal","PMID":"3462","journalAbbreviation":"Hoppe Seylers Z Physiol Chem","container-title-short":"Hoppe Seylers Z Physiol Chem","author":[{"family":"Dietl","given":"T"},{"family":"Tschesche","given":"H"}],"title":"[The disulfide bridges of the trypsin-kallikrein inhibitor K from snails (Helix pomatia). Thermal inactivation and proteolysis by thermolysin (author's transl)].","volume":"357","issue":"2","page":"139-45","language":"ger","ISSN":"0018-4888","URL":"https:\/\/www.ncbi.nlm.nih.gov\/pubmed\/3462","container-title":"Hoppe-Seyler's Zeitschrift fur physiologische Chemie","issued":{"date-parts":[["1976","02","01"]]},"id":"802647"},{"type":"article-journal","PMID":"34644","journalAbbreviation":"Hiroshima Daigaku Shigaku Zasshi","container-title-short":"Hiroshima Daigaku Shigaku Zasshi","author":[{"family":"Tsuka","given":"T"},{"family":"Kawagoe","given":"A"},{"family":"Katsushima","given":"K"},{"family":"Hamada","given":"T"},{"family":"Yamada","given":"S"}],"title":"[Effects of different soldering gap spaces on tensile strength in soldered dental gold alloy (author's transl)].","volume":"9","issue":"2","page":"265-9","language":"jpn","ISSN":"0046-7472","URL":"https:\/\/www.ncbi.nlm.nih.gov\/pubmed\/34644","container-title":"Hiroshima Daigaku shigaku zasshi. The Journal of Hiroshima University Dental Society","issued":{"date-parts":[["1977","01","01"]]},"id":"97583519"},{"type":"article-journal","PMID":"34634","journalAbbreviation":"J Colo Dent Assoc","container-title-short":"J Colo Dent Assoc","author":[{"family":"Abrams","given":"H"},{"family":"Barkmeier","given":"WW"},{"family":"Cooley","given":"RL"}],"title":"The effect of heat on local anesthetic cartridges.","volume":"56","issue":"2","page":"18-9","language":"eng","ISSN":"0010-1559","URL":"https:\/\/www.ncbi.nlm.nih.gov\/pubmed\/34634","container-title":"Journal of the Colorado Dental Association","issued":{"date-parts":[["1978","01","01"]]},"id":"959948424"},{"type":"article-journal","PMID":"23422","journalAbbreviation":"J Pediatr","container-title-short":"J Pediatr","author":[{"family":"Karna","given":"P"},{"family":"Poland","given":"RL"}],"title":"Monitoring critically ill newborn infants with digital capillary blood samples: an alternative.","volume":"92","issue":"2","page":"270-3","language":"eng","ISSN":"0022-3476","URL":"https:\/\/www.ncbi.nlm.nih.gov\/pubmed\/23422","container-title":"The Journal of pediatrics","issued":{"date-parts":[["1978","02","01"]]},"id":"2682404725"},{"type":"article-journal","PMID":"23533","journalAbbreviation":"Proc Natl Acad Sci U S A","container-title-short":"Proc Natl Acad Sci U S A","author":[{"family":"Thomas","given":"D"},{"family":"Barbotin","given":"JN"},{"family":"David","given":"A"},{"family":"Hervagault","given":"JF"},{"family":"Romette","given":"JL"}],"title":"Experimental evidence for a kinetic and electrochemical memory in enzyme membranes.","volume":"74","issue":"12","page":"5314-7","language":"eng","ISSN":"0027-8424","URL":"https:\/\/www.ncbi.nlm.nih.gov\/pubmed\/23533","container-title":"Proceedings of the National Academy of Sciences of the United States of America","issued":{"date-parts":[["1977","12","01"]]},"id":"2736525038"}],"style":{"kind":"predefined","value":"american-medical-association","label":"American Medical Association"}}]]></wp:meta_value>
  </wp:postmeta>
  <wp:postmeta>
    <wp:meta_key>_pingme</wp:meta_key>
    <wp:meta_value><![CDATA[1]]></wp:meta_value>
  </wp:postmeta>
  <wp:postmeta>
    <wp:meta_key>_encloseme</wp:meta_key>
    <wp:meta_value><![CDATA[1]]></wp:meta_value>
  </wp:postmeta>
  <wp:postmeta>
    <wp:meta_key>_pingme</wp:meta_key>
    <wp:meta_value><![CDATA[1]]></wp:meta_value>
  </wp:postmeta>
  <wp:postmeta>
    <wp:meta_key>_encloseme</wp:meta_key>
    <wp:meta_value><![CDATA[1]]></wp:meta_value>
  </wp:postmeta>
</item>
  </channel>
</rss>
